lerna(verbose) GitUtilities.isInitialized    ()
lerna(verbose) GitUtilities.isInitialized    () => true
lerna(verbose) GitUtilities.getTopLevelDirectory()
lerna(verbose) GitUtilities.getTopLevelDirectory() => "."
lerna(verbose) FileSystemUtilities.existsSync("./lerna.json")
lerna(verbose) FileSystemUtilities.existsSync("./lerna.json") => true
lerna(verbose) FileSystemUtilities.readFileSync("./lerna.json")
lerna(verbose) FileSystemUtilities.readFileSync("./lerna.json") => "{\n  \"lerna\": \"2.0.0-beta.37\",\n  \"packages\": [\n    \"packages/*\"\n  ],\n  \"version\": \"1.1.5\"\n}"
lerna(verbose) FileSystemUtilities.existsSync("./package.json")
lerna(verbose) FileSystemUtilities.existsSync("./package.json") => true
lerna(verbose) FileSystemUtilities.readFileSync("./package.json")
lerna(verbose) FileSystemUtilities.readFileSync("./package.json") => "{\n  \"devDependencies\": {\n    \"lerna\": \"2.0.0-beta.37\"\n  }\n}"
lerna(info)    Lerna v2.0.0-beta.37
lerna(verbose) FileSystemUtilities.existsSync("./package.json")
lerna(verbose) FileSystemUtilities.existsSync("./package.json") => true
lerna(verbose) FileSystemUtilities.existsSync("./lerna.json")
lerna(verbose) FileSystemUtilities.existsSync("./lerna.json") => true
lerna(verbose) FileSystemUtilities.existsSync("./VERSION")
lerna(verbose) FileSystemUtilities.existsSync("./VERSION") => false
lerna(verbose) FileSystemUtilities.existsSync("./packages/pubpub-pandoc-converter/package.json")
lerna(verbose) FileSystemUtilities.existsSync("./packages/pubpub-pandoc-converter/package.json") => true
lerna(verbose) FileSystemUtilities.existsSync("./packages/pubpub-prose/package.json")
lerna(verbose) FileSystemUtilities.existsSync("./packages/pubpub-prose/package.json") => true
lerna(verbose) FileSystemUtilities.existsSync("./packages/pubpub-render-files/package.json")
lerna(verbose) FileSystemUtilities.existsSync("./packages/pubpub-render-files/package.json") => true
lerna(verbose) Attempting running BootstrapCommand.initialize
lerna(verbose) Successfully ran BootstrapCommand.initialize
lerna(verbose) Attempting running BootstrapCommand.execute
lerna(info)    Bootstrapping 3 packages
lerna(info)    Preinstalling packages
lerna(info)    Installing external dependencies
lerna(verbose) NpmUtilities.installInDir     ("./packages/pubpub-prose", ["prosemirror-view@github:ThariqS/prosemirror-view#hotfix"])
lerna(verbose) FileSystemUtilities.rename    ("./packages/pubpub-prose/package.json", "./packages/pubpub-prose/package.json.lerna_backup")
lerna(verbose) FileSystemUtilities.rename    ("./packages/pubpub-prose/package.json", "./packages/pubpub-prose/package.json.lerna_backup") => 
lerna(verbose) FileSystemUtilities.writeFile ("./packages/pubpub-prose/package.json", "{\"dependencies\":{\"prosemirror-view\":\"github:ThariqS/pr...)
lerna(verbose) FileSystemUtilities.writeFile ("./packages/pubpub-prose/package.json", "{\"dependencies\":{\"prosemirror-view\":\"github:ThariqS/pr...) => 
lerna(verbose) FileSystemUtilities.renameSync("./packages/pubpub-prose/package.json.lerna_backup", "./packages/pubpub-prose/package.json")
lerna(verbose) FileSystemUtilities.renameSync("./packages/pubpub-prose/package.json.lerna_backup", "./packages/pubpub-prose/package.json") => 
lerna(verbose) NpmUtilities.installInDir     ("./packages/pubpub-prose", ["prosemirror-view@github:ThariqS/prosemirror-view#hotfix"]) => 
lerna(info)    Symlinking packages and binaries
lerna(verbose) FileSystemUtilities.existsSync("./packages/pubpub-prose/package.json")
lerna(verbose) FileSystemUtilities.existsSync("./packages/pubpub-prose/package.json") => true
lerna(verbose) FileSystemUtilities.existsSync("./packages/pubpub-pandoc-converter/node_modules/@pubpub/prose")
lerna(verbose) FileSystemUtilities.existsSync("./packages/pubpub-pandoc-converter/node_modules/@pubpub/prose") => true
lerna(verbose) FileSystemUtilities.isSymlink ("./packages/pubpub-pandoc-converter/node_modules/@pubpub/prose")
lerna(verbose) FileSystemUtilities.isSymlink ("./packages/pubpub-pandoc-converter/node_modules/@pubpub/prose") => "./packages/pubpub-prose"
lerna(verbose) FileSystemUtilities.existsSync("./packages/pubpub-render-files/package.json")
lerna(verbose) FileSystemUtilities.existsSync("./packages/pubpub-render-files/package.json") => true
lerna(verbose) FileSystemUtilities.existsSync("./packages/pubpub-pandoc-converter/node_modules/@pubpub/render-files")
lerna(verbose) FileSystemUtilities.existsSync("./packages/pubpub-pandoc-converter/node_modules/@pubpub/render-files") => true
lerna(verbose) FileSystemUtilities.isSymlink ("./packages/pubpub-pandoc-converter/node_modules/@pubpub/render-files")
lerna(verbose) FileSystemUtilities.isSymlink ("./packages/pubpub-pandoc-converter/node_modules/@pubpub/render-files") => "./packages/pubpub-render-files"
lerna(verbose) FileSystemUtilities.existsSync("./packages/pubpub-render-files/package.json")
lerna(verbose) FileSystemUtilities.existsSync("./packages/pubpub-render-files/package.json") => true
lerna(verbose) FileSystemUtilities.existsSync("./packages/pubpub-prose/node_modules/@pubpub/render-files")
lerna(verbose) FileSystemUtilities.existsSync("./packages/pubpub-prose/node_modules/@pubpub/render-files") => true
lerna(verbose) FileSystemUtilities.isSymlink ("./packages/pubpub-prose/node_modules/@pubpub/render-files")
lerna(verbose) FileSystemUtilities.isSymlink ("./packages/pubpub-prose/node_modules/@pubpub/render-files") => "./packages/pubpub-render-files"
lerna(verbose) FileSystemUtilities.mkdirp    ("./packages/pubpub-pandoc-converter/node_modules/@pubpub")
lerna(verbose) FileSystemUtilities.mkdirp    ("./packages/pubpub-pandoc-converter/node_modules/@pubpub") => null
lerna(verbose) FileSystemUtilities.symlink   ("./packages/pubpub-prose", "./packages/pubpub-pandoc-converter/node_modules/@pubpub/prose", "junctio...)
lerna(verbose) FileSystemUtilities.symlink   ("./packages/pubpub-prose", "./packages/pubpub-pandoc-converter/node_modules/@pubpub/prose", "junctio...) => 
lerna(verbose) FileSystemUtilities.mkdirp    ("./packages/pubpub-pandoc-converter/node_modules/@pubpub")
lerna(verbose) FileSystemUtilities.mkdirp    ("./packages/pubpub-pandoc-converter/node_modules/@pubpub") => null
lerna(verbose) FileSystemUtilities.symlink   ("./packages/pubpub-render-files", "./packages/pubpub-pandoc-converter/node_modules/@pubpub/render-fi...)
lerna(verbose) FileSystemUtilities.symlink   ("./packages/pubpub-render-files", "./packages/pubpub-pandoc-converter/node_modules/@pubpub/render-fi...) => 
lerna(verbose) FileSystemUtilities.mkdirp    ("./packages/pubpub-prose/node_modules/@pubpub")
lerna(verbose) FileSystemUtilities.mkdirp    ("./packages/pubpub-prose/node_modules/@pubpub") => null
lerna(verbose) FileSystemUtilities.symlink   ("./packages/pubpub-render-files", "./packages/pubpub-prose/node_modules/@pubpub/render-files", "junc...)
lerna(verbose) FileSystemUtilities.symlink   ("./packages/pubpub-render-files", "./packages/pubpub-prose/node_modules/@pubpub/render-files", "junc...) => 
lerna(info)    Postinstalling packages
lerna(info)    Prepublishing packages
lerna(verbose) NpmUtilities.runScriptInDir   ("prepublish", [], "./packages/pubpub-render-files")
lerna(verbose) NpmUtilities.execInDir        ("run prepublish", [], "./packages/pubpub-render-files")
lerna(verbose) NpmUtilities.execInDir        ("run prepublish", [], "./packages/pubpub-render-files") => "\n> @pubpub/render-files@1.1.5 prepublish ./packages/pubpub-render-files\n> npm run build\n\n\n> @pubpub/render-files@1.1.5 build /Users/hydraboy/work/pubpub-packages/packages/pubpub-render-files\n> cross-env BABEL_ENV=development babel src --out-dir dist\n\nsrc/RenderFile.js -> dist/RenderFile.js\nsrc/RenderFileDoc.js -> dist/RenderFileDoc.js\nsrc/RenderFileMarkdown.js -> dist/RenderFileMarkdown.js\nsrc/RenderFilePDF.js -> dist/RenderFilePDF.js\nsrc/RenderFilePPT.js -> dist/RenderFilePPT.js\nsrc/index.js -> dist/index.js\nsrc/ppub/components/citationsRender.jsx -> dist/ppub/components/citationsRender.js\nsrc/ppub/components/embedRender.jsx -> dist/ppub/components/embedRender.js\nsrc/ppub/components/iframeRender.jsx -> dist/ppub/components/iframeRender.js\nsrc/ppub/components/index.js -> dist/ppub/components/index.js\nsrc/ppub/components/katex.css.js -> dist/ppub/components/katex.css.js\nsrc/ppub/components/latexRender.jsx -> dist/ppub/components/latexRender.js\nsrc/ppub/components/referenceRender.jsx -> dist/ppub/components/referenceRender.js\nsrc/ppub/index.js -> dist/ppub/index.js\nsrc/ppub/renderReactFromJSON.js -> dist/ppub/renderReactFromJSON.js\nsrc/urlToType.js -> dist/urlToType.js\n"
lerna(verbose) NpmUtilities.runScriptInDir   ("prepublish", [], "./packages/pubpub-render-files") => "\n> @pubpub/render-files@1.1.5 prepublish ./packages/pubpub-render-files\n> npm run build\n\n\n> @pubpub/render-files@1.1.5 build /Users/hydraboy/work/pubpub-packages/packages/pubpub-render-files\n> cross-env BABEL_ENV=development babel src --out-dir dist\n\nsrc/RenderFile.js -> dist/RenderFile.js\nsrc/RenderFileDoc.js -> dist/RenderFileDoc.js\nsrc/RenderFileMarkdown.js -> dist/RenderFileMarkdown.js\nsrc/RenderFilePDF.js -> dist/RenderFilePDF.js\nsrc/RenderFilePPT.js -> dist/RenderFilePPT.js\nsrc/index.js -> dist/index.js\nsrc/ppub/components/citationsRender.jsx -> dist/ppub/components/citationsRender.js\nsrc/ppub/components/embedRender.jsx -> dist/ppub/components/embedRender.js\nsrc/ppub/components/iframeRender.jsx -> dist/ppub/components/iframeRender.js\nsrc/ppub/components/index.js -> dist/ppub/components/index.js\nsrc/ppub/components/katex.css.js -> dist/ppub/components/katex.css.js\nsrc/ppub/components/latexRender.jsx -> dist/ppub/components/latexRender.js\nsrc/ppub/components/referenceRender.jsx -> dist/ppub/components/referenceRender.js\nsrc/ppub/index.js -> dist/ppub/index.js\nsrc/ppub/renderReactFromJSON.js -> dist/ppub/renderReactFromJSON.js\nsrc/urlToType.js -> dist/urlToType.js\n"
lerna(verbose) NpmUtilities.runScriptInDir   ("prepublish", [], "./packages/pubpub-prose")
lerna(verbose) NpmUtilities.execInDir        ("run prepublish", [], "./packages/pubpub-prose")
lerna(error)   NpmUtilities.execInDir        ("run prepublish", [], "./packages/pubpub-prose")
    Error: Command failed: npm run prepublish 
    You have mistakenly installed the `babel` package, which is a no-op in Babel 6.
    Babel's CLI commands have been moved from the `babel` package to the `babel-cli` package.
    
        npm uninstall babel
        npm install --save-dev babel-cli
    
    See http://babeljs.io/docs/usage/cli/ for setup instructions.
    npm ERR! code ELIFECYCLE
    npm ERR! errno 1
    npm ERR! @pubpub/prose@1.1.5 build: `cross-env BABEL_ENV=development babel src --out-dir dist`
    npm ERR! Exit status 1
    npm ERR! 
    npm ERR! Failed at the @pubpub/prose@1.1.5 build script 'cross-env BABEL_ENV=development babel src --out-dir dist'.
    npm ERR! Make sure you have the latest version of node.js and npm installed.
    npm ERR! If you do, this is most likely a problem with the @pubpub/prose package,
    npm ERR! not with npm itself.
    npm ERR! Tell the author that this fails on your system:
    npm ERR!     cross-env BABEL_ENV=development babel src --out-dir dist
    npm ERR! You can get information on how to open an issue for this project with:
    npm ERR!     npm bugs @pubpub/prose
    npm ERR! Or if that isn't available, you can get their info via:
    npm ERR!     npm owner ls @pubpub/prose
    npm ERR! There is likely additional logging output above.
    
    npm ERR! A complete log of this run can be found in:
    npm ERR!     /Users/hydraboy/.npm/_logs/2017-03-20T19_08_49_915Z-debug.log
    npm ERR! code ELIFECYCLE
    npm ERR! errno 1
    npm ERR! @pubpub/prose@1.1.5 prepublish: `npm run build`
    npm ERR! Exit status 1
    npm ERR! 
    npm ERR! Failed at the @pubpub/prose@1.1.5 prepublish script 'npm run build'.
    npm ERR! Make sure you have the latest version of node.js and npm installed.
    npm ERR! If you do, this is most likely a problem with the @pubpub/prose package,
    npm ERR! not with npm itself.
    npm ERR! Tell the author that this fails on your system:
    npm ERR!     npm run build
    npm ERR! You can get information on how to open an issue for this project with:
    npm ERR!     npm bugs @pubpub/prose
    npm ERR! Or if that isn't available, you can get their info via:
    npm ERR!     npm owner ls @pubpub/prose
    npm ERR! There is likely additional logging output above.
    
    npm ERR! A complete log of this run can be found in:
    npm ERR!     /Users/hydraboy/.npm/_logs/2017-03-20T19_08_49_926Z-debug.log
    
        at ChildProcess.exithandler (child_process.js:211:12)
        at emitTwo (events.js:106:13)
        at ChildProcess.emit (events.js:192:7)
        at maybeClose (internal/child_process.js:890:16)
        at Socket.<anonymous> (internal/child_process.js:334:11)
        at emitOne (events.js:96:13)
        at Socket.emit (events.js:189:7)
        at Pipe._handle.close [as _onclose] (net.js:501:12)
lerna(error)   
> @pubpub/prose@1.1.5 prepublish /Users/hydraboy/work/pubpub-packages/packages/pubpub-prose
> npm run build


> @pubpub/prose@1.1.5 build /Users/hydraboy/work/pubpub-packages/packages/pubpub-prose
> cross-env BABEL_ENV=development babel src --out-dir dist


lerna(error)   NpmUtilities.runScriptInDir   ("prepublish", [], "./packages/pubpub-prose")
lerna(error)   
> @pubpub/prose@1.1.5 prepublish /Users/hydraboy/work/pubpub-packages/packages/pubpub-prose
> npm run build


> @pubpub/prose@1.1.5 build /Users/hydraboy/work/pubpub-packages/packages/pubpub-prose
> cross-env BABEL_ENV=development babel src --out-dir dist


lerna(error)   Errored while running BootstrapCommand.execute
